2022-01-26 18:00:00+00:00
2022-01-26 18:01:00+00:00
2022-01-26 18:02:00+00:00
[<Request: http://192.168.2.7/LED=OFF>]
[<Request: http://192.168.2.7/LED=OFF>]
2022-01-26 18:03:00+00:00
[]
[]
2022-01-26 18:04:00+00:00
[]
[]
2022-01-26 18:05:00+00:00
[<Request: >]
[<Request: >]
2022-01-26 18:06:00+00:00
[]
[]
2022-01-26 18:07:00+00:00
[]
[]
2022-01-26 18:08:00+00:00
[]
[]
2022-01-26 18:09:00+00:00
[]
[]
2022-01-26 18:10:00+00:00
[]
[]
2022-01-26 18:11:00+00:00
[]
[]
2022-01-26 18:12:00+00:00
[]
[]
2022-01-26 18:13:00+00:00
[]
[]
2022-01-26 18:14:00+00:00
[]
[]
2022-01-26 18:15:00+00:00
[]
[]
2022-01-26 18:16:00+00:00
[]
[]
2022-01-26 18:17:00+00:00
[]
[]
2022-01-26 18:18:00+00:00
[]
[]
2022-01-26 18:19:00+00:00
[]
[]
2022-01-26 18:20:00+00:00
[]
[]
2022-01-26 18:21:00+00:00
[]
[]
2022-01-26 18:22:00+00:00
[]
[]
2022-01-26 18:23:00+00:00
[]
[]
2022-01-26 18:24:00+00:00
[]
[]
2022-01-26 18:25:00+00:00
[]
[]
2022-01-26 18:26:00+00:00
[]
[]
2022-01-26 18:27:00+00:00
[]
[]
2022-01-26 18:28:00+00:00
[]
[]
2022-01-26 18:29:00+00:00
[]
[]
2022-01-26 18:30:00+00:00
[]
[]
2022-01-26 18:31:00+00:00
[]
[]
2022-01-26 18:32:00+00:00
[]
[]
2022-01-26 18:33:00+00:00
[]
[]
2022-01-26 18:34:00+00:00
[]
[]
2022-01-26 18:35:00+00:00
[]
[]
2022-01-26 18:41:00+00:00
[]
[]
2022-01-26 18:42:00+00:00
[<Request: 1>]
[<Request: 1>]
2022-01-26 18:43:00+00:00
[<Request: ON>, <Request: OFF>]
[<Request: ON>, <Request: OFF>]
2022-01-26 18:44:00+00:00
[]
[]
2022-01-26 18:45:00+00:00
[]
[]
2022-01-26 18:46:00+00:00
[]
[]
2022-01-26 18:47:00+00:00
[]
[]
2022-01-26 18:48:00+00:00
[]
[]
2022-01-26 18:49:00+00:00
[]
[]
2022-01-26 18:50:00+00:00
[]
[]
2022-01-26 18:51:00+00:00
[]
[]
2022-01-26 18:52:00+00:00
[]
[]
2022-01-26 18:53:00+00:00
[]
[]
2022-01-26 18:54:00+00:00
[]
[]
2022-01-26 18:55:00+00:00
[]
[]
2022-01-26 18:56:00+00:00
[]
[]
2022-01-26 18:57:00+00:00
[]
[]
2022-01-26 18:58:00+00:00
[]
[]
2022-01-26 18:59:00+00:00
[]
[]
2022-01-26 19:00:00+00:00
[]
[]
2022-01-26 19:01:00+00:00
[]
[]
2022-01-26 19:02:00+00:00
[]
[]
2022-01-26 19:03:00+00:00
[]
[]
2022-01-26 19:04:00+00:00
[]
[]
2022-01-26 19:05:00+00:00
[]
[]
2022-01-26 19:06:00+00:00
[]
[]
2022-01-26 19:07:00+00:00
[]
[]
2022-01-26 19:08:00+00:00
[]
[]
2022-01-26 19:09:00+00:00
[]
[]
2022-01-26 19:10:00+00:00
[]
[]
2022-01-26 19:11:00+00:00
[]
[]
2022-01-26 19:12:00+00:00
[]
[]
2022-01-26 19:13:00+00:00
[]
[]
2022-01-26 19:14:00+00:00
[]
[]
2022-01-26 19:15:00+00:00
[]
[]
2022-01-26 19:16:00+00:00
[]
[]
2022-01-26 19:17:00+00:00
[]
[]
2022-01-26 19:18:00+00:00
[]
[]
2022-01-26 19:19:00+00:00
[]
[]
2022-01-26 19:20:00+00:00
[]
[]
2022-01-26 19:21:00+00:00
[]
[]
2022-01-26 19:22:00+00:00
[]
[]
2022-01-26 19:23:00+00:00
[]
[]
2022-01-26 19:24:00+00:00
[]
[]
2022-01-26 19:25:00+00:00
[]
[]
2022-01-26 19:26:00+00:00
[]
[]
2022-01-26 19:27:00+00:00
[]
[]
2022-01-26 19:28:00+00:00
[]
[]
2022-01-26 19:29:00+00:00
[]
[]
2022-01-26 19:30:00+00:00
[]
[]
2022-01-26 19:31:00+00:00
[]
[]
2022-01-26 19:32:00+00:00
[]
[]
2022-01-26 19:33:00+00:00
[]
[]
2022-01-26 19:34:00+00:00
[]
[]
2022-01-26 19:35:00+00:00
[]
[]
2022-01-26 19:36:00+00:00
[]
[]
2022-01-26 19:37:00+00:00
[]
[]
2022-01-26 19:38:00+00:00
[]
[]
2022-01-26 19:39:00+00:00
[]
[]
2022-01-26 19:40:00+00:00
[]
[]
2022-01-26 19:41:00+00:00
[]
[]
2022-01-26 19:42:00+00:00
[]
[]
2022-01-26 19:43:00+00:00
[]
[]
2022-01-26 19:44:00+00:00
[]
[]
2022-01-26 19:45:00+00:00
[]
[]
2022-01-26 19:46:00+00:00
[]
[]
2022-01-26 19:47:00+00:00
[]
[]
2022-01-26 19:48:00+00:00
[]
[]
2022-01-26 19:49:00+00:00
[]
[]
2022-01-26 19:50:00+00:00
[]
[]
2022-01-26 19:51:00+00:00
[]
[]
2022-01-26 19:52:00+00:00
[]
[]
2022-01-26 19:53:00+00:00
[]
[]
2022-01-26 19:54:00+00:00
[]
[]
2022-01-26 19:55:00+00:00
[]
[]
2022-01-26 19:56:00+00:00
[]
[]
2022-01-26 19:57:00+00:00
[]
[]
2022-01-26 19:58:00+00:00
[]
[]
2022-01-26 19:59:00+00:00
[]
[]
2022-01-26 20:00:00+00:00
[]
[]
2022-01-26 20:01:00+00:00
[]
[]
2022-01-26 20:02:00+00:00
[]
[]
2022-01-26 20:03:00+00:00
[]
[]
2022-01-26 20:04:00+00:00
[]
[]
2022-01-26 20:05:00+00:00
[]
[]
2022-01-26 20:06:00+00:00
[]
[]
2022-01-26 20:07:00+00:00
[]
[]
2022-01-26 20:08:00+00:00
[]
[]
2022-01-26 20:09:00+00:00
[]
[]
2022-01-26 20:10:00+00:00
[]
[]
2022-01-26 20:11:00+00:00
[]
[]
2022-01-26 20:12:00+00:00
[]
[]
2022-01-26 20:13:00+00:00
[]
[]
2022-01-26 20:14:00+00:00
[]
[]
2022-01-26 20:15:00+00:00
[]
[]
2022-01-26 20:16:00+00:00
[]
[]
2022-01-26 20:17:00+00:00
[]
[]
2022-01-26 20:18:00+00:00
[]
[]
2022-01-26 20:19:00+00:00
[]
[]
2022-01-26 20:20:00+00:00
[]
[]
2022-01-26 20:21:00+00:00
[]
[]
2022-01-26 20:22:00+00:00
[]
[]
2022-01-26 20:23:00+00:00
[]
[]
2022-01-26 20:24:00+00:00
[]
[]
2022-01-26 20:25:00+00:00
[]
[]
2022-01-26 20:26:00+00:00
[]
[]
2022-01-26 20:27:00+00:00
[]
[]
2022-01-26 20:28:00+00:00
[]
[]
2022-01-26 20:29:00+00:00
[]
[]
2022-01-26 20:30:00+00:00
[]
[]
2022-01-26 20:31:00+00:00
[]
[]
2022-01-26 20:32:00+00:00
[]
[]
2022-01-26 20:33:00+00:00
[]
[]
2022-01-26 20:34:00+00:00
[]
[]
2022-01-26 20:35:00+00:00
[]
[]
2022-01-26 20:36:00+00:00
[]
[]
2022-01-26 20:37:00+00:00
[]
[]
2022-01-26 20:38:00+00:00
[]
[]
2022-01-26 20:39:00+00:00
[]
[]
2022-01-26 20:40:00+00:00
[]
[]
2022-01-26 20:41:00+00:00
[]
[]
2022-01-26 20:42:00+00:00
[]
[]
2022-01-26 20:43:00+00:00
[]
[]
2022-01-26 20:44:00+00:00
[]
[]
2022-01-26 20:45:00+00:00
[]
[]
2022-01-26 20:46:00+00:00
[]
[]
2022-01-26 20:47:00+00:00
[]
[]
2022-01-26 20:48:00+00:00
[]
[]
2022-01-26 20:49:00+00:00
[]
[]
2022-01-26 20:50:00+00:00
[]
[]
2022-01-26 20:51:00+00:00
[]
[]
2022-01-26 20:52:00+00:00
[]
[]
2022-01-26 20:53:00+00:00
[]
[]
2022-01-26 20:54:00+00:00
[]
[]
2022-01-26 20:55:00+00:00
[]
[]
2022-01-26 20:56:00+00:00
[]
[]
2022-01-26 20:57:00+00:00
[]
[]
2022-01-26 20:58:00+00:00
[]
[]
2022-01-26 20:59:00+00:00
[]
[]
2022-01-26 21:00:00+00:00
[]
[]
2022-01-26 21:01:00+00:00
[]
[]
2022-01-26 21:02:00+00:00
[]
[]
2022-01-26 21:03:00+00:00
[]
[]
2022-01-26 21:04:00+00:00
[]
[]
2022-01-26 21:05:00+00:00
[]
[]
2022-01-26 21:06:00+00:00
[]
[]
2022-01-26 21:07:00+00:00
[]
[]
2022-01-26 21:08:00+00:00
[]
[]
2022-01-26 21:09:00+00:00
[]
[]
2022-01-26 21:10:00+00:00
[]
[]
2022-01-26 21:11:00+00:00
[]
[]
2022-01-26 21:12:00+00:00
[]
[]
2022-01-26 21:13:00+00:00
[]
[]
2022-01-26 21:14:00+00:00
[]
[]
2022-01-26 21:15:00+00:00
[]
[]
2022-01-26 21:16:00+00:00
[]
[]
2022-01-26 21:17:00+00:00
[]
[]
2022-01-26 21:18:00+00:00
[]
[]
2022-01-26 21:19:00+00:00
[]
[]
2022-01-26 21:20:00+00:00
[]
[]
2022-01-26 21:21:00+00:00
[]
[]
2022-01-26 21:22:00+00:00
[]
[]
2022-01-26 21:23:00+00:00
[]
[]
2022-01-26 21:24:00+00:00
[]
[]
2022-01-26 21:25:00+00:00
[]
[]
2022-01-26 21:26:00+00:00
[]
[]
2022-01-26 21:27:00+00:00
[]
[]
2022-01-26 21:28:00+00:00
[]
[]
2022-01-26 21:29:00+00:00
[]
[]
2022-01-26 21:30:00+00:00
[]
[]
2022-01-26 21:31:00+00:00
[]
[]
2022-01-26 21:32:00+00:00
[]
[]
2022-01-26 21:33:00+00:00
[]
[]
2022-01-26 21:34:00+00:00
[]
[]
2022-01-26 21:35:00+00:00
[]
[]
2022-01-26 21:36:00+00:00
[]
[]
2022-01-26 21:37:00+00:00
[]
[]
2022-01-26 21:38:00+00:00
[]
[]
2022-01-26 21:39:00+00:00
[]
[]
2022-01-26 21:40:00+00:00
[]
[]
2022-01-26 21:41:00+00:00
[]
[]
2022-01-26 21:42:00+00:00
[]
[]
2022-01-26 21:43:00+00:00
[]
[]
2022-01-26 21:44:00+00:00
[]
[]
2022-01-26 21:45:00+00:00
[]
[]
2022-01-26 21:46:00+00:00
[]
[]
2022-01-26 21:47:00+00:00
[]
[]
2022-01-26 21:48:00+00:00
[]
[]
2022-01-26 21:49:00+00:00
[]
[]
2022-01-26 21:50:00+00:00
[]
[]
2022-01-26 21:51:00+00:00
[]
[]
2022-01-26 21:52:00+00:00
[]
[]
2022-01-26 21:53:00+00:00
[]
[]
2022-01-26 21:54:00+00:00
[]
[]
2022-01-26 21:55:00+00:00
[]
[]
2022-01-26 21:56:00+00:00
[]
[]
2022-01-26 21:57:00+00:00
[]
[]
2022-01-26 21:58:00+00:00
[]
[]
2022-01-26 21:59:00+00:00
[]
[]
2022-01-26 22:00:00+00:00
[]
[]
2022-01-26 22:01:00+00:00
[]
[]
2022-01-26 22:02:00+00:00
[]
[]
2022-01-26 22:03:00+00:00
[]
[]
2022-01-26 22:04:00+00:00
[]
[]
2022-01-26 22:05:00+00:00
[]
[]
2022-01-26 22:06:00+00:00
[]
[]
2022-01-26 22:07:00+00:00
[]
[]
2022-01-26 22:08:00+00:00
[]
[]
2022-01-26 22:09:00+00:00
[]
[]
2022-01-26 22:10:00+00:00
[]
[]
2022-01-26 22:11:00+00:00
[]
[]
2022-01-26 22:12:00+00:00
[]
[]
2022-01-26 22:13:00+00:00
[]
[]
2022-01-26 22:14:00+00:00
[]
[]
2022-01-26 22:15:00+00:00
[]
[]
2022-01-26 22:16:00+00:00
[]
[]
2022-01-26 22:17:00+00:00
[]
[]
2022-01-26 22:18:00+00:00
[]
[]
2022-01-26 22:19:00+00:00
[]
[]
2022-01-26 22:20:00+00:00
[]
[]
2022-01-26 22:21:00+00:00
[]
[]
2022-01-26 22:22:00+00:00
[]
[]
2022-01-26 22:23:00+00:00
[]
[]
2022-01-26 22:24:00+00:00
[]
[]
2022-01-26 22:25:00+00:00
[]
[]
2022-01-26 22:26:00+00:00
[]
[]
2022-01-26 22:27:00+00:00
[]
[]
2022-01-26 22:28:00+00:00
[]
[]
2022-01-26 22:29:00+00:00
[]
[]
2022-01-26 22:30:00+00:00
[]
[]
2022-01-26 22:31:00+00:00
[]
[]
2022-01-26 22:32:00+00:00
[]
[]
2022-01-26 22:33:00+00:00
[]
[]
2022-01-26 22:34:00+00:00
[]
[]
2022-01-26 22:35:00+00:00
[]
[]
2022-01-26 22:36:00+00:00
[]
[]
2022-01-26 22:37:00+00:00
[]
[]
2022-01-26 22:38:00+00:00
[]
[]
2022-01-26 22:39:00+00:00
[]
[]
2022-01-26 22:40:00+00:00
[]
[]
2022-01-26 22:41:00+00:00
[]
[]
2022-01-26 22:42:00+00:00
[]
[]
2022-01-26 22:43:00+00:00
[]
[]
2022-01-26 22:44:00+00:00
[]
[]
2022-01-26 22:45:00+00:00
[]
[]
2022-01-26 22:46:00+00:00
[]
[]
2022-01-26 22:47:00+00:00
[]
[]
2022-01-26 22:48:00+00:00
[]
[]
2022-01-26 22:49:00+00:00
[]
[]
2022-01-26 22:50:00+00:00
[]
[]
2022-01-26 22:51:00+00:00
[]
[]
2022-01-26 22:52:00+00:00
[]
[]
2022-01-26 22:53:00+00:00
[]
[]
2022-01-26 22:54:00+00:00
[]
[]
2022-01-26 22:55:00+00:00
[]
[]
2022-01-26 22:56:00+00:00
[]
[]
2022-01-26 22:57:00+00:00
[]
[]
2022-01-26 22:58:00+00:00
[]
[]
2022-01-26 22:59:00+00:00
[]
[]
2022-01-26 23:00:00+00:00
[]
[]
2022-01-26 23:01:00+00:00
[]
[]
2022-01-26 23:02:00+00:00
[]
[]
2022-01-26 23:03:00+00:00
[]
[]
2022-01-26 23:04:00+00:00
[]
[]
2022-01-26 23:05:00+00:00
[]
[]
2022-01-26 23:06:00+00:00
[]
[]
2022-01-26 23:07:00+00:00
[]
[]
2022-01-26 23:08:00+00:00
[]
[]
2022-01-26 23:09:00+00:00
[]
[]
2022-01-26 23:10:00+00:00
[]
[]
2022-01-26 23:11:00+00:00
[]
[]
2022-01-26 23:12:00+00:00
[]
[]
2022-01-26 23:13:00+00:00
[]
[]
2022-01-26 23:14:00+00:00
[]
[]
2022-01-26 23:15:00+00:00
[]
[]
2022-01-26 23:16:00+00:00
[]
[]
2022-01-26 23:17:00+00:00
[]
[]
2022-01-26 23:18:00+00:00
[]
[]
2022-01-26 23:19:00+00:00
[]
[]
2022-01-26 23:20:00+00:00
[]
[]
2022-01-26 23:21:00+00:00
[]
[]
2022-01-26 23:22:00+00:00
[]
[]
2022-01-26 23:23:00+00:00
[]
[]
2022-01-26 23:24:00+00:00
[]
[]
2022-01-26 23:25:00+00:00
[]
[]
2022-01-26 23:26:00+00:00
[]
[]
2022-01-26 23:27:00+00:00
[]
[]
2022-01-26 23:28:00+00:00
[]
[]
2022-01-26 23:29:00+00:00
[]
[]
2022-01-26 23:30:00+00:00
[]
[]
2022-01-26 23:31:00+00:00
[]
[]
2022-01-26 23:32:00+00:00
[]
[]
2022-01-26 23:33:00+00:00
[]
[]
2022-01-26 23:34:00+00:00
[]
[]
2022-01-26 23:35:00+00:00
[]
[]
2022-01-26 23:36:00+00:00
[]
[]
2022-01-26 23:37:00+00:00
[]
[]
2022-01-26 23:38:00+00:00
[]
[]
2022-01-26 23:39:00+00:00
[]
[]
2022-01-26 23:40:00+00:00
[]
[]
2022-01-27 09:57:00+00:00
[]
[]
2022-01-27 09:57:00+00:00
[]
[]
2022-01-27 09:58:00+00:00
[]
[]
2022-01-27 09:59:00+00:00
[]
[]
2022-01-27 10:00:00+00:00
[]
[]
2022-01-27 10:01:00+00:00
[]
[]
2022-01-27 10:02:00+00:00
[]
[]
2022-01-27 10:03:00+00:00
[]
[]
2022-01-27 10:04:00+00:00
[]
[]
2022-01-27 10:05:00+00:00
[]
[]
2022-01-27 10:06:00+00:00
[]
[]
2022-01-27 10:07:00+00:00
[]
[]
2022-01-27 10:08:00+00:00
[]
[]
2022-01-27 10:09:00+00:00
[]
[]
2022-01-27 10:10:00+00:00
[]
[]
2022-01-27 10:11:00+00:00
[]
[]
2022-01-27 10:12:00+00:00
[]
[]
2022-01-27 10:13:00+00:00
[]
[]
2022-01-27 10:14:00+00:00
[]
[]
2022-01-27 10:15:00+00:00
[]
[]
2022-01-27 10:16:00+00:00
[]
[]
2022-01-27 10:17:00+00:00
[]
[]
2022-01-27 10:18:00+00:00
[]
[]
2022-01-27 10:19:00+00:00
[]
[]
2022-01-27 10:20:00+00:00
[]
[]
2022-01-27 10:21:00+00:00
[]
[]
2022-01-27 10:22:00+00:00
[]
[]
2022-01-27 10:23:00+00:00
[]
[]
2022-01-27 10:24:00+00:00
[]
[]
2022-01-27 10:25:00+00:00
[]
[]
2022-01-27 10:26:00+00:00
[]
[]
2022-01-27 10:27:00+00:00
[]
[]
2022-01-27 10:28:00+00:00
[]
[]
2022-01-27 10:29:00+00:00
[]
[]
2022-01-27 10:30:00+00:00
[]
[]
2022-01-27 10:31:00+00:00
[]
[]
2022-01-27 10:32:00+00:00
[]
[]
2022-01-27 10:33:00+00:00
[]
[]
2022-01-27 10:34:00+00:00
[]
[]
2022-01-27 10:35:00+00:00
[]
[]
2022-01-27 10:36:00+00:00
[]
[]
2022-01-27 10:37:00+00:00
[]
[]
2022-01-27 10:38:00+00:00
[]
[]
2022-01-27 10:39:00+00:00
[]
[]
2022-01-27 10:40:00+00:00
[]
[]
2022-01-27 10:41:00+00:00
[]
[]
2022-01-27 10:42:00+00:00
[]
[]
2022-01-27 10:43:00+00:00
[]
[]
2022-01-27 10:44:00+00:00
[]
[]
2022-01-27 10:45:00+00:00
[]
[]
2022-01-27 10:46:00+00:00
[]
[]
2022-01-27 10:47:00+00:00
[]
[]
2022-01-27 10:48:00+00:00
[]
[]
2022-01-27 10:49:00+00:00
[]
[]
2022-01-27 10:50:00+00:00
[]
[]
2022-01-27 10:51:00+00:00
[]
[]
2022-01-27 10:52:00+00:00
[]
[]
2022-01-27 10:53:00+00:00
[]
[]
2022-01-27 10:54:00+00:00
[]
[]
2022-01-27 10:55:00+00:00
[]
[]
2022-01-27 10:56:00+00:00
[]
[]
2022-01-27 10:57:00+00:00
[]
[]
2022-01-27 10:58:00+00:00
[]
[]
2022-01-27 10:59:00+00:00
[]
[]
2022-01-27 11:00:00+00:00
[]
[]
2022-01-27 11:01:00+00:00
[]
[]
2022-01-27 11:02:00+00:00
[]
[]
2022-01-27 11:03:00+00:00
[]
[]
2022-01-27 11:04:00+00:00
[]
[]
2022-01-27 11:05:00+00:00
[]
[]
2022-01-27 11:06:00+00:00
[]
[]
2022-01-27 11:07:00+00:00
[]
[]
2022-01-27 11:08:00+00:00
[]
[]
2022-01-27 11:09:00+00:00
[]
[]
2022-01-27 11:10:00+00:00
[]
[]
2022-01-27 11:11:00+00:00
[]
[]
2022-01-27 11:12:00+00:00
[]
[]
2022-01-27 11:13:00+00:00
[]
[]
2022-01-27 11:14:00+00:00
[]
[]
2022-01-27 11:15:00+00:00
[]
[]
2022-01-27 11:16:00+00:00
[]
[]
2022-01-27 11:17:00+00:00
[]
[]
2022-01-27 11:18:00+00:00
[]
[]
2022-01-27 11:19:00+00:00
[]
[]
2022-01-27 11:20:00+00:00
[]
[]
2022-01-27 11:21:00+00:00
[]
[]
2022-01-27 11:22:00+00:00
[]
[]
2022-01-27 11:23:00+00:00
[]
[]
2022-01-27 11:24:00+00:00
[]
[]
2022-01-27 11:25:00+00:00
[]
[]
2022-01-27 11:26:00+00:00
[]
[]
2022-01-27 11:27:00+00:00
[]
[]
2022-01-27 11:28:00+00:00
[]
[]
2022-01-27 11:29:00+00:00
[]
[]
2022-01-27 11:30:00+00:00
[]
[]
2022-01-27 11:31:00+00:00
[]
[]
2022-01-27 11:32:00+00:00
[]
[]
2022-01-27 11:33:00+00:00
[]
[]
2022-01-27 11:34:00+00:00
[]
[]
2022-01-27 11:35:00+00:00
[]
[]
2022-01-27 11:36:00+00:00
[]
[]
2022-01-27 11:37:00+00:00
[]
[]
2022-01-27 11:38:00+00:00
[]
[]
2022-01-27 11:39:00+00:00
[]
[]
2022-01-27 11:40:00+00:00
[]
[]
2022-01-27 11:41:00+00:00
[]
[]
2022-01-27 11:42:00+00:00
[]
[]
2022-01-27 11:43:00+00:00
[]
[]
2022-01-27 11:44:00+00:00
[]
[]
2022-01-27 11:45:00+00:00
[]
[]
2022-01-27 11:46:00+00:00
[]
[]
2022-01-27 11:47:00+00:00
[]
[]
2022-01-27 11:48:00+00:00
[]
[]
2022-01-27 11:49:00+00:00
[]
[]
2022-01-27 11:50:00+00:00
[]
[]
2022-01-27 11:51:00+00:00
[]
[]
2022-01-27 11:52:00+00:00
[]
[]
2022-01-27 11:53:00+00:00
[]
[]
2022-01-27 11:54:00+00:00
[]
[]
2022-01-27 11:55:00+00:00
[]
[]
2022-01-27 11:56:00+00:00
[]
[]
2022-01-27 11:57:00+00:00
[]
[]
2022-01-27 11:58:00+00:00
[]
[]
2022-01-27 11:59:00+00:00
[]
[]
2022-01-27 12:00:00+00:00
[]
[]
2022-01-27 12:01:00+00:00
[]
[]
2022-01-27 12:02:00+00:00
[]
[]
2022-01-27 12:03:00+00:00
[]
[]
2022-01-27 12:04:00+00:00
[]
[]
2022-01-27 12:05:00+00:00
[]
[]
2022-01-27 12:06:00+00:00
[]
[]
2022-01-27 12:07:00+00:00
[]
[]
2022-01-27 12:08:00+00:00
[]
[]
2022-01-27 12:09:00+00:00
[]
[]
2022-01-27 12:10:00+00:00
[]
[]
2022-01-27 12:11:00+00:00
[]
[]
2022-01-27 12:12:00+00:00
[]
[]
2022-01-27 12:13:00+00:00
[]
[]
2022-01-27 12:14:00+00:00
[]
[]
2022-01-27 12:15:00+00:00
[]
[]
2022-01-27 12:16:00+00:00
[]
[]
2022-01-27 12:17:00+00:00
[]
[]
2022-01-27 12:18:00+00:00
[]
[]
2022-01-27 12:19:00+00:00
[]
[]
2022-01-27 12:20:00+00:00
[]
[]
2022-01-27 12:21:00+00:00
[]
[]
2022-01-27 12:22:00+00:00
[]
[]
2022-01-27 12:23:00+00:00
[]
[]
2022-01-27 12:24:00+00:00
[]
[]
2022-01-27 12:25:00+00:00
[]
[]
2022-01-27 12:26:00+00:00
[]
[]
2022-01-27 12:27:00+00:00
[]
[]
2022-01-27 12:28:00+00:00
[]
[]
2022-01-27 12:29:00+00:00
[]
[]
2022-01-27 12:30:00+00:00
[]
[]
2022-01-27 12:31:00+00:00
[]
[]
2022-01-27 12:32:00+00:00
[]
[]
2022-01-27 12:33:00+00:00
[]
[]
2022-01-27 12:34:00+00:00
[]
[]
2022-01-27 12:35:00+00:00
[]
[]
2022-01-27 12:36:00+00:00
[]
[]
2022-01-27 12:37:00+00:00
[]
[]
2022-01-27 12:38:00+00:00
[]
[]
2022-01-27 12:39:00+00:00
[]
[]
2022-01-27 12:40:00+00:00
[]
[]
2022-01-27 12:41:00+00:00
[]
[]
2022-01-27 12:42:00+00:00
[]
[]
2022-01-27 12:43:00+00:00
[]
[]
2022-01-27 12:44:00+00:00
[]
[]
2022-01-27 12:45:00+00:00
[]
[]
2022-01-27 12:46:00+00:00
[]
[]
2022-01-27 12:47:00+00:00
[]
[]
2022-01-27 12:48:00+00:00
[]
[]
2022-01-27 12:49:00+00:00
[]
[]
2022-01-27 12:50:00+00:00
[]
[]
2022-01-27 12:51:00+00:00
[]
[]
2022-01-27 12:52:00+00:00
[]
[]
2022-01-27 12:53:00+00:00
[]
[]
2022-01-27 12:54:00+00:00
[]
[]
2022-01-27 12:55:00+00:00
[]
[]
2022-01-27 12:56:00+00:00
[]
[]
2022-01-27 12:57:00+00:00
[]
[]
2022-01-27 12:58:00+00:00
[]
[]
2022-01-27 12:59:00+00:00
[]
[]
2022-01-27 13:00:00+00:00
[]
[]
2022-01-27 13:01:00+00:00
[]
[]
2022-01-27 13:02:00+00:00
[]
[]
2022-01-27 13:03:00+00:00
[]
[]
2022-01-27 13:04:00+00:00
[]
[]
2022-01-27 13:05:00+00:00
[]
[]
2022-01-27 17:54:00+00:00
[]
[]
2022-01-27 17:55:00+00:00
[]
[]
2022-01-27 17:56:00+00:00
[]
[]
2022-01-27 17:57:00+00:00
[]
[]
2022-01-27 17:58:00+00:00
[]
[]
2022-01-27 17:59:00+00:00
[]
[]
2022-01-27 18:00:00+00:00
[]
[]
2022-01-27 18:01:00+00:00
[]
[]
2022-01-27 18:02:00+00:00
[]
[]
2022-01-27 18:03:00+00:00
[]
[]
2022-01-27 18:04:00+00:00
[]
[]
2022-01-27 18:05:00+00:00
[]
[]
2022-01-27 18:06:00+00:00
[]
[]
2022-01-27 18:07:00+00:00
[]
[]
2022-01-27 18:08:00+00:00
[]
[]
2022-01-27 18:09:00+00:00
[]
[]
2022-01-27 18:10:00+00:00
[]
[]
2022-01-27 18:11:00+00:00
[]
[]
2022-01-27 18:12:00+00:00
[]
[]
2022-01-27 18:13:00+00:00
[]
[]
2022-01-27 18:14:00+00:00
[]
[]
2022-01-27 18:15:00+00:00
[]
[]
2022-01-27 18:16:00+00:00
[]
[]
2022-01-27 18:17:00+00:00
[]
[]
2022-01-27 18:18:00+00:00
[]
[]
2022-01-27 18:19:00+00:00
[]
[]
2022-01-27 18:20:00+00:00
[]
[]
2022-01-27 18:21:00+00:00
[]
[]
2022-01-27 18:22:00+00:00
[]
[]
2022-01-27 18:23:00+00:00
[]
[]
2022-01-27 18:24:00+00:00
[]
[]
2022-01-27 18:25:00+00:00
[]
[]
2022-01-27 18:26:00+00:00
[]
[]
2022-01-27 18:27:00+00:00
[]
[]
2022-01-27 18:28:00+00:00
[]
[]
2022-01-27 18:29:00+00:00
[]
[]
2022-01-27 18:30:00+00:00
[]
[]
2022-01-27 18:31:00+00:00
[]
[]
2022-01-27 18:32:00+00:00
[]
[]
2022-01-27 18:33:00+00:00
[]
[]
2022-01-27 18:34:00+00:00
[]
[]
2022-01-27 18:35:00+00:00
[]
[]
2022-01-27 18:36:00+00:00
[]
[]
2022-01-27 18:37:00+00:00
[]
[]
2022-01-27 18:38:00+00:00
[]
[]
2022-01-27 18:39:00+00:00
[]
[]
2022-01-27 18:40:00+00:00
[]
[]
2022-01-27 18:41:00+00:00
[]
[]
2022-01-27 18:42:00+00:00
[]
[]
2022-01-27 18:43:00+00:00
[]
[]
2022-01-27 18:44:00+00:00
[]
[]
2022-01-27 18:45:00+00:00
[]
[]
2022-01-27 18:46:00+00:00
[]
[]
2022-01-27 18:47:00+00:00
[]
[]
2022-01-27 18:48:00+00:00
[]
[]
2022-01-27 18:49:00+00:00
[]
[]
2022-01-27 18:50:00+00:00
[]
[]
2022-01-27 18:51:00+00:00
[]
[]
2022-01-27 18:52:00+00:00
[]
[]
2022-01-27 18:53:00+00:00
[]
[]
2022-01-27 18:54:00+00:00
[]
[]
2022-01-27 18:55:00+00:00
[]
[]
2022-01-27 18:56:00+00:00
[]
[]
2022-01-27 18:57:00+00:00
[]
[]
2022-01-27 18:58:00+00:00
[]
[]
2022-01-27 18:59:00+00:00
[]
[]
2022-01-27 19:00:00+00:00
[]
[]
2022-01-27 19:01:00+00:00
[]
[]
2022-01-27 19:02:00+00:00
[]
[]
2022-01-27 19:03:00+00:00
[]
[]
2022-01-27 19:04:00+00:00
[]
[]
2022-01-27 19:05:00+00:00
[]
[]
2022-01-27 19:06:00+00:00
[]
[]
2022-01-27 19:07:00+00:00
[]
[]
2022-01-27 19:08:00+00:00
[]
[]
2022-01-27 19:09:00+00:00
[]
[]
2022-01-27 19:10:00+00:00
[]
[]
2022-01-27 19:11:00+00:00
[]
[]
2022-01-27 19:12:00+00:00
[]
[]
2022-01-27 19:13:00+00:00
[]
[]
2022-01-27 19:14:00+00:00
[]
[]
2022-01-27 19:15:00+00:00
[]
[]
2022-01-27 19:16:00+00:00
[]
[]
2022-01-27 19:17:00+00:00
[]
[]
2022-01-27 19:18:00+00:00
[]
[]
2022-01-27 19:19:00+00:00
[]
[]
2022-01-27 19:20:00+00:00
[]
[]
2022-01-27 19:21:00+00:00
[]
[]
2022-01-27 19:22:00+00:00
[]
[]
2022-01-27 19:23:00+00:00
[]
[]
2022-01-27 19:24:00+00:00
[]
[]
2022-01-27 19:25:00+00:00
[]
[]
2022-01-27 19:26:00+00:00
[]
[]
2022-01-27 19:27:00+00:00
[]
[]
2022-01-27 19:28:00+00:00
[]
[]
2022-01-27 19:29:00+00:00
[]
[]
2022-01-27 19:30:00+00:00
[]
[]
2022-01-27 19:31:00+00:00
[]
[]
2022-01-27 19:32:00+00:00
[]
[]
2022-01-27 19:33:00+00:00
[]
[]
2022-01-27 19:34:00+00:00
[]
[]
2022-01-27 19:35:00+00:00
[]
[]
2022-01-27 19:36:00+00:00
[]
[]
2022-01-27 19:37:00+00:00
[]
[]
2022-01-27 19:38:00+00:00
[]
[]
2022-01-27 19:39:00+00:00
[]
[]
2022-01-27 19:40:00+00:00
[]
[]
2022-01-27 19:41:00+00:00
[]
[]
2022-01-27 19:42:00+00:00
[]
[]
2022-01-27 19:43:00+00:00
[]
[]
2022-01-27 19:44:00+00:00
[]
[]
2022-01-27 19:45:00+00:00
[]
[]
2022-01-27 19:46:00+00:00
[]
[]
2022-01-27 19:47:00+00:00
[]
[]
2022-01-27 19:48:00+00:00
[]
[]
2022-01-27 19:49:00+00:00
[]
[]
2022-01-27 19:50:00+00:00
[]
[]
2022-01-27 19:51:00+00:00
[]
[]
2022-01-27 19:52:00+00:00
[]
[]
2022-01-27 19:53:00+00:00
[]
[]
2022-01-27 19:54:00+00:00
[]
[]
2022-01-27 19:55:00+00:00
[]
[]
2022-01-27 19:56:00+00:00
[]
[]
2022-01-27 19:57:00+00:00
[]
[]
2022-01-27 19:58:00+00:00
[]
[]
2022-01-27 19:59:00+00:00
[]
[]
2022-01-27 20:00:00+00:00
[]
[]
2022-01-27 20:01:00+00:00
[]
[]
2022-01-27 20:02:00+00:00
[]
[]
2022-01-27 20:03:00+00:00
[]
[]
2022-01-27 20:04:00+00:00
[]
[]
2022-01-27 20:05:00+00:00
[]
[]
2022-01-27 20:06:00+00:00
[]
[]
2022-01-27 20:07:00+00:00
[]
[]
2022-01-27 20:08:00+00:00
[]
[]
2022-01-27 20:09:00+00:00
[]
[]
2022-01-27 20:10:00+00:00
[]
[]
2022-01-27 20:11:00+00:00
[]
[]
2022-01-27 20:12:00+00:00
[]
[]
2022-01-27 20:13:00+00:00
[]
[]
2022-01-27 20:14:00+00:00
[]
[]
2022-01-27 20:15:00+00:00
[]
[]
2022-01-27 20:16:00+00:00
[]
[]
2022-01-27 20:17:00+00:00
[]
[]
2022-01-27 20:18:00+00:00
[]
[]
2022-01-27 20:19:00+00:00
[]
[]
2022-01-27 20:20:00+00:00
[]
[]
2022-01-27 20:21:00+00:00
[]
[]
2022-01-27 20:22:00+00:00
[]
[]
2022-01-27 20:23:00+00:00
[]
[]
2022-01-27 20:24:00+00:00
[]
[]
2022-01-27 20:25:00+00:00
[]
[]
2022-01-27 20:26:00+00:00
[]
[]
2022-01-27 20:27:00+00:00
[]
[]
2022-01-27 20:28:00+00:00
[]
[]
